200
JOB 1 -- 200 frames 
1
[-77811.79505488]
2
[-77807.22720873]
3
[-77800.70869706]
4
[-77803.93364]
5
[-77800.01085396]
6
[-77801.22932267]
7
[-77800.96509188]
8
[-77801.11426454]
9
[-77788.52169732]
10
[-77806.06839964]
11
[-77800.6809782]
12
[-77791.4219693]
13
[-77804.62556905]
14
[-77800.88594649]
15
[-77796.52281384]
16
[-77807.80822602]
17
[-77797.9724514]
18
[-77804.47008915]
19
[-77812.13787204]
20
[-77805.57824102]
21
[-77805.44509908]
22
[-77806.01665519]
23
[-77797.57275039]
24
[-77803.81348879]
25
[-77799.82495415]
26
[-77799.10896393]
27
[-77813.77983721]
28
[-77813.19428343]
29
[-77804.92126337]
30
[-77808.15617931]
31
[-77795.84414179]
32
[-77801.9526281]
33
[-77798.94377381]
34
[-77801.27201486]
35
[-77800.16289578]
36
[-77802.34576879]
37
[-77798.80171815]
38
[-77794.57618122]
39
[-77803.53390374]
40
[-77808.17516188]
41
[-77806.67875902]
42
[-77799.50132449]
43
[-77801.61660746]
44
[-77796.91039906]
45
[-77802.2785262]
46
[-77812.35450178]
47
[-77805.34973508]
48
[-77809.80173027]
49
[-77801.44269517]
50
[-77807.91029465]
51
[-77806.00313425]
52
[-77796.33099814]
53
[-77803.82140403]
54
[-77814.82412228]
55
[-77812.7912808]
56
[-77810.67101967]
57
[-77807.90239346]
58
[-77805.0726716]
59
[-77793.70837916]
60
[-77796.73020586]
61
[-77805.00206045]
62
[-77799.48039055]
63
[-77810.70415785]
64
[-77804.86936909]
65
[-77788.34273887]
66
[-77797.54444261]
67
[-77812.91226061]
68
[-77817.77799757]
69
[-77787.23868665]
70
[-77805.63673395]
71
[-77801.41001439]
72
[-77792.01264036]
73
[-77809.33188852]
74
[-77797.01750831]
75
[-77805.01307056]
76
[-77795.08798227]
77
[-77801.01805905]
78
[-77813.05166662]
79
[-77806.35541996]
80
[-77799.47442823]
81
[-77808.53219738]
82
[-77802.01600273]
83
[-77788.8564414]
84
[-77799.6942765]
85
[-77810.30095282]
86
[-77809.9489161]
87
[-77795.82207454]
88
[-77794.73804268]
89
[-77811.54259705]
90
[-77802.76658943]
91
[-77802.90139347]
92
[-77798.9291973]
93
[-77801.17178816]
94
[-77798.0856712]
95
[-77801.53544029]
96
[-77795.03177376]
97
[-77812.42671239]
98
[-77800.7512533]
99
[-77797.08610855]
100
[-77808.13900486]
101
[-77792.37142308]
102
[-77790.13598843]
103
[-77796.57050462]
104
[-77801.17330223]
105
[-77809.15925214]
106
[-77799.18047067]
107
[-77809.51134922]
108
[-77809.94101722]
109
[-77802.7585911]
110
[-77809.12086103]
111
[-77793.96753761]
112
[-77797.97688496]
113
[-77806.08321052]
114
[-77804.9050785]
115
[-77794.07514171]
116
[-77804.99404386]
117
[-77811.73342751]
118
[-77805.20284927]
119
[-77804.88666975]
120
[-77801.2822273]
121
[-77799.28096886]
122
[-77806.3017336]
123
[-77787.22137758]
124
[-77802.85200755]
125
[-77797.4739568]
126
[-77810.84902424]
127
[-77808.60709086]
128
[-77793.99256922]
129
[-77813.60253374]
130
[-77810.72168088]
131
[-77781.05067002]
132
[-77794.98249548]
133
[-77809.61532547]
134
[-77803.94802352]
135
[-77807.99044784]
136
[-77806.42253678]
137
[-77802.81447892]
138
[-77805.2917758]
139
[-77802.31699567]
140
[-77801.76859672]
141
[-77802.42923631]
142
[-77819.41473794]
143
[-77793.03379387]
144
[-77805.22617218]
145
[-77801.01081579]
146
[-77797.10318791]
147
[-77795.59532868]
148
[-77823.4656104]
149
[-77799.98446846]
150
[-77787.37886493]
151
[-77799.17273178]
152
[-77806.74999519]
153
[-77799.37283684]
154
[-77800.19767651]
155
[-77813.62939749]
156
[-77806.16507298]
157
[-77786.66442124]
158
[-77803.1628957]
159
[-77808.59234462]
160
[-77815.3471248]
161
[-77806.30584049]
162
[-77797.57217301]
163
[-77810.10376867]
164
[-77794.91827913]
165
[-77805.44366037]
166
[-77806.06617023]
167
[-77811.31945871]
168
[-77789.41224183]
169
[-77801.23128013]
170
[-77798.79373959]
171
[-77810.81913004]
172
[-77797.43056858]
173
[-77799.26566295]
174
[-77810.47086896]
175
[-77800.06783389]
176
[-77795.84765814]
177
[-77803.66077026]
178
[-77797.73677857]
179
[-77797.78695477]
180
[-77797.7954948]
181
[-77803.94556106]
182
[-77797.98686634]
183
[-77804.97105907]
184
[-77794.73083137]
185
[-77802.99318998]
186
[-77804.46253284]
187
[-77807.07082459]
188
[-77811.67943947]
189
[-77794.56058738]
190
[-77808.15138561]
191
[-77795.06033837]
192
[-77801.14484622]
193
[-77804.27108867]
194
[-77803.88459266]
195
[-77804.61745963]
196
[-77799.92078756]
197
[-77800.19014236]
198
[-77796.10222131]
199
[-77803.30349502]
200
[-77787.3005924]
Total number of frames from cp2k.log: 200
Systems:  B106O159
Total number of frames from dpdata: 200
