200
JOB 1 -- 200 frames 
--- You are parsing data using package Cp2kData ---
Atom names are fake chemical symbols as you set in cp2k input.
Virial Parsing using cp2kdata as plug in for dpdata
was not multiplied by volume before cp2kdata v0.6.4
please check the cp2kdata version and the virial.npy

--- You are parsing data using package Cp2kData ---
1
[-77803.80048754]
--- You are parsing data using package Cp2kData ---
Atom names are fake chemical symbols as you set in cp2k input.
Virial Parsing using cp2kdata as plug in for dpdata
was not multiplied by volume before cp2kdata v0.6.4
please check the cp2kdata version and the virial.npy

--- You are parsing data using package Cp2kData ---
2
[-77799.49034226]
--- You are parsing data using package Cp2kData ---
Atom names are fake chemical symbols as you set in cp2k input.
Virial Parsing using cp2kdata as plug in for dpdata
was not multiplied by volume before cp2kdata v0.6.4
please check the cp2kdata version and the virial.npy

--- You are parsing data using package Cp2kData ---
3
[-77810.50409524]
--- You are parsing data using package Cp2kData ---
Atom names are fake chemical symbols as you set in cp2k input.
Virial Parsing using cp2kdata as plug in for dpdata
was not multiplied by volume before cp2kdata v0.6.4
please check the cp2kdata version and the virial.npy

--- You are parsing data using package Cp2kData ---
4
[-77808.74024252]
--- You are parsing data using package Cp2kData ---
Atom names are fake chemical symbols as you set in cp2k input.
Virial Parsing using cp2kdata as plug in for dpdata
was not multiplied by volume before cp2kdata v0.6.4
please check the cp2kdata version and the virial.npy

--- You are parsing data using package Cp2kData ---
5
[-77794.53636224]
--- You are parsing data using package Cp2kData ---
Atom names are fake chemical symbols as you set in cp2k input.
Virial Parsing using cp2kdata as plug in for dpdata
was not multiplied by volume before cp2kdata v0.6.4
please check the cp2kdata version and the virial.npy

--- You are parsing data using package Cp2kData ---
6
[-77798.3079551]
--- You are parsing data using package Cp2kData ---
Atom names are fake chemical symbols as you set in cp2k input.
Virial Parsing using cp2kdata as plug in for dpdata
was not multiplied by volume before cp2kdata v0.6.4
please check the cp2kdata version and the virial.npy

--- You are parsing data using package Cp2kData ---
7
[-77800.97665821]
--- You are parsing data using package Cp2kData ---
Atom names are fake chemical symbols as you set in cp2k input.
Virial Parsing using cp2kdata as plug in for dpdata
was not multiplied by volume before cp2kdata v0.6.4
please check the cp2kdata version and the virial.npy

--- You are parsing data using package Cp2kData ---
8
[-77806.76181313]
--- You are parsing data using package Cp2kData ---
Atom names are fake chemical symbols as you set in cp2k input.
Virial Parsing using cp2kdata as plug in for dpdata
was not multiplied by volume before cp2kdata v0.6.4
please check the cp2kdata version and the virial.npy

--- You are parsing data using package Cp2kData ---
9
[-77795.89831368]
--- You are parsing data using package Cp2kData ---
Atom names are fake chemical symbols as you set in cp2k input.
Virial Parsing using cp2kdata as plug in for dpdata
was not multiplied by volume before cp2kdata v0.6.4
please check the cp2kdata version and the virial.npy

--- You are parsing data using package Cp2kData ---
10
[-77795.95755565]
--- You are parsing data using package Cp2kData ---
Atom names are fake chemical symbols as you set in cp2k input.
Virial Parsing using cp2kdata as plug in for dpdata
was not multiplied by volume before cp2kdata v0.6.4
please check the cp2kdata version and the virial.npy

--- You are parsing data using package Cp2kData ---
11
[-77799.22026727]
--- You are parsing data using package Cp2kData ---
Atom names are fake chemical symbols as you set in cp2k input.
Virial Parsing using cp2kdata as plug in for dpdata
was not multiplied by volume before cp2kdata v0.6.4
please check the cp2kdata version and the virial.npy

--- You are parsing data using package Cp2kData ---
12
[-77808.74772129]
--- You are parsing data using package Cp2kData ---
Atom names are fake chemical symbols as you set in cp2k input.
Virial Parsing using cp2kdata as plug in for dpdata
was not multiplied by volume before cp2kdata v0.6.4
please check the cp2kdata version and the virial.npy

--- You are parsing data using package Cp2kData ---
13
[-77802.20816838]
--- You are parsing data using package Cp2kData ---
Atom names are fake chemical symbols as you set in cp2k input.
Virial Parsing using cp2kdata as plug in for dpdata
was not multiplied by volume before cp2kdata v0.6.4
please check the cp2kdata version and the virial.npy

--- You are parsing data using package Cp2kData ---
14
[-77809.8936604]
--- You are parsing data using package Cp2kData ---
Atom names are fake chemical symbols as you set in cp2k input.
Virial Parsing using cp2kdata as plug in for dpdata
was not multiplied by volume before cp2kdata v0.6.4
please check the cp2kdata version and the virial.npy

--- You are parsing data using package Cp2kData ---
15
[-77802.98580165]
--- You are parsing data using package Cp2kData ---
Atom names are fake chemical symbols as you set in cp2k input.
Virial Parsing using cp2kdata as plug in for dpdata
was not multiplied by volume before cp2kdata v0.6.4
please check the cp2kdata version and the virial.npy

--- You are parsing data using package Cp2kData ---
16
[-77812.33177554]
--- You are parsing data using package Cp2kData ---
Atom names are fake chemical symbols as you set in cp2k input.
Virial Parsing using cp2kdata as plug in for dpdata
was not multiplied by volume before cp2kdata v0.6.4
please check the cp2kdata version and the virial.npy

--- You are parsing data using package Cp2kData ---
17
[-77805.04773435]
--- You are parsing data using package Cp2kData ---
Atom names are fake chemical symbols as you set in cp2k input.
Virial Parsing using cp2kdata as plug in for dpdata
was not multiplied by volume before cp2kdata v0.6.4
please check the cp2kdata version and the virial.npy

--- You are parsing data using package Cp2kData ---
18
[-77797.27713584]
--- You are parsing data using package Cp2kData ---
Atom names are fake chemical symbols as you set in cp2k input.
Virial Parsing using cp2kdata as plug in for dpdata
was not multiplied by volume before cp2kdata v0.6.4
please check the cp2kdata version and the virial.npy

--- You are parsing data using package Cp2kData ---
19
[-77809.15101048]
--- You are parsing data using package Cp2kData ---
Atom names are fake chemical symbols as you set in cp2k input.
Virial Parsing using cp2kdata as plug in for dpdata
was not multiplied by volume before cp2kdata v0.6.4
please check the cp2kdata version and the virial.npy

--- You are parsing data using package Cp2kData ---
20
[-77799.58292072]
--- You are parsing data using package Cp2kData ---
Atom names are fake chemical symbols as you set in cp2k input.
Virial Parsing using cp2kdata as plug in for dpdata
was not multiplied by volume before cp2kdata v0.6.4
please check the cp2kdata version and the virial.npy

--- You are parsing data using package Cp2kData ---
21
[-77793.84911289]
--- You are parsing data using package Cp2kData ---
Atom names are fake chemical symbols as you set in cp2k input.
Virial Parsing using cp2kdata as plug in for dpdata
was not multiplied by volume before cp2kdata v0.6.4
please check the cp2kdata version and the virial.npy

--- You are parsing data using package Cp2kData ---
22
[-77801.6437117]
--- You are parsing data using package Cp2kData ---
Atom names are fake chemical symbols as you set in cp2k input.
Virial Parsing using cp2kdata as plug in for dpdata
was not multiplied by volume before cp2kdata v0.6.4
please check the cp2kdata version and the virial.npy

--- You are parsing data using package Cp2kData ---
23
[-77803.91090855]
--- You are parsing data using package Cp2kData ---
Atom names are fake chemical symbols as you set in cp2k input.
Virial Parsing using cp2kdata as plug in for dpdata
was not multiplied by volume before cp2kdata v0.6.4
please check the cp2kdata version and the virial.npy

--- You are parsing data using package Cp2kData ---
24
[-77806.20504189]
--- You are parsing data using package Cp2kData ---
Atom names are fake chemical symbols as you set in cp2k input.
Virial Parsing using cp2kdata as plug in for dpdata
was not multiplied by volume before cp2kdata v0.6.4
please check the cp2kdata version and the virial.npy

--- You are parsing data using package Cp2kData ---
25
[-77819.7946194]
--- You are parsing data using package Cp2kData ---
Atom names are fake chemical symbols as you set in cp2k input.
Virial Parsing using cp2kdata as plug in for dpdata
was not multiplied by volume before cp2kdata v0.6.4
please check the cp2kdata version and the virial.npy

--- You are parsing data using package Cp2kData ---
26
[-77806.51941944]
--- You are parsing data using package Cp2kData ---
Atom names are fake chemical symbols as you set in cp2k input.
Virial Parsing using cp2kdata as plug in for dpdata
was not multiplied by volume before cp2kdata v0.6.4
please check the cp2kdata version and the virial.npy

--- You are parsing data using package Cp2kData ---
27
[-77815.72733955]
--- You are parsing data using package Cp2kData ---
Atom names are fake chemical symbols as you set in cp2k input.
Virial Parsing using cp2kdata as plug in for dpdata
was not multiplied by volume before cp2kdata v0.6.4
please check the cp2kdata version and the virial.npy

--- You are parsing data using package Cp2kData ---
28
[-77813.42920138]
--- You are parsing data using package Cp2kData ---
Atom names are fake chemical symbols as you set in cp2k input.
Virial Parsing using cp2kdata as plug in for dpdata
was not multiplied by volume before cp2kdata v0.6.4
please check the cp2kdata version and the virial.npy

--- You are parsing data using package Cp2kData ---
29
[-77805.34213006]
--- You are parsing data using package Cp2kData ---
Atom names are fake chemical symbols as you set in cp2k input.
Virial Parsing using cp2kdata as plug in for dpdata
was not multiplied by volume before cp2kdata v0.6.4
please check the cp2kdata version and the virial.npy

--- You are parsing data using package Cp2kData ---
30
[-77796.12188296]
--- You are parsing data using package Cp2kData ---
Atom names are fake chemical symbols as you set in cp2k input.
Virial Parsing using cp2kdata as plug in for dpdata
was not multiplied by volume before cp2kdata v0.6.4
please check the cp2kdata version and the virial.npy

--- You are parsing data using package Cp2kData ---
31
[-77810.5699218]
--- You are parsing data using package Cp2kData ---
Atom names are fake chemical symbols as you set in cp2k input.
Virial Parsing using cp2kdata as plug in for dpdata
was not multiplied by volume before cp2kdata v0.6.4
please check the cp2kdata version and the virial.npy

--- You are parsing data using package Cp2kData ---
32
[-77802.01088638]
--- You are parsing data using package Cp2kData ---
Atom names are fake chemical symbols as you set in cp2k input.
Virial Parsing using cp2kdata as plug in for dpdata
was not multiplied by volume before cp2kdata v0.6.4
please check the cp2kdata version and the virial.npy

--- You are parsing data using package Cp2kData ---
33
[-77805.02128866]
--- You are parsing data using package Cp2kData ---
Atom names are fake chemical symbols as you set in cp2k input.
Virial Parsing using cp2kdata as plug in for dpdata
was not multiplied by volume before cp2kdata v0.6.4
please check the cp2kdata version and the virial.npy

--- You are parsing data using package Cp2kData ---
34
[-77807.93928773]
--- You are parsing data using package Cp2kData ---
Atom names are fake chemical symbols as you set in cp2k input.
Virial Parsing using cp2kdata as plug in for dpdata
was not multiplied by volume before cp2kdata v0.6.4
please check the cp2kdata version and the virial.npy

--- You are parsing data using package Cp2kData ---
35
[-77808.17524414]
--- You are parsing data using package Cp2kData ---
Atom names are fake chemical symbols as you set in cp2k input.
Virial Parsing using cp2kdata as plug in for dpdata
was not multiplied by volume before cp2kdata v0.6.4
please check the cp2kdata version and the virial.npy

--- You are parsing data using package Cp2kData ---
36
[-77819.69685276]
--- You are parsing data using package Cp2kData ---
Atom names are fake chemical symbols as you set in cp2k input.
Virial Parsing using cp2kdata as plug in for dpdata
was not multiplied by volume before cp2kdata v0.6.4
please check the cp2kdata version and the virial.npy

--- You are parsing data using package Cp2kData ---
37
[-77816.21750083]
--- You are parsing data using package Cp2kData ---
Atom names are fake chemical symbols as you set in cp2k input.
Virial Parsing using cp2kdata as plug in for dpdata
was not multiplied by volume before cp2kdata v0.6.4
please check the cp2kdata version and the virial.npy

--- You are parsing data using package Cp2kData ---
38
[-77816.10615757]
--- You are parsing data using package Cp2kData ---
Atom names are fake chemical symbols as you set in cp2k input.
Virial Parsing using cp2kdata as plug in for dpdata
was not multiplied by volume before cp2kdata v0.6.4
please check the cp2kdata version and the virial.npy

--- You are parsing data using package Cp2kData ---
39
[-77806.78159815]
--- You are parsing data using package Cp2kData ---
Atom names are fake chemical symbols as you set in cp2k input.
Virial Parsing using cp2kdata as plug in for dpdata
was not multiplied by volume before cp2kdata v0.6.4
please check the cp2kdata version and the virial.npy

--- You are parsing data using package Cp2kData ---
40
[-77814.59183312]
--- You are parsing data using package Cp2kData ---
Atom names are fake chemical symbols as you set in cp2k input.
Virial Parsing using cp2kdata as plug in for dpdata
was not multiplied by volume before cp2kdata v0.6.4
please check the cp2kdata version and the virial.npy

--- You are parsing data using package Cp2kData ---
41
[-77814.96299479]
--- You are parsing data using package Cp2kData ---
Atom names are fake chemical symbols as you set in cp2k input.
Virial Parsing using cp2kdata as plug in for dpdata
was not multiplied by volume before cp2kdata v0.6.4
please check the cp2kdata version and the virial.npy

--- You are parsing data using package Cp2kData ---
42
[-77803.81789291]
--- You are parsing data using package Cp2kData ---
Atom names are fake chemical symbols as you set in cp2k input.
Virial Parsing using cp2kdata as plug in for dpdata
was not multiplied by volume before cp2kdata v0.6.4
please check the cp2kdata version and the virial.npy

--- You are parsing data using package Cp2kData ---
43
[-77796.75383753]
--- You are parsing data using package Cp2kData ---
Atom names are fake chemical symbols as you set in cp2k input.
Virial Parsing using cp2kdata as plug in for dpdata
was not multiplied by volume before cp2kdata v0.6.4
please check the cp2kdata version and the virial.npy

--- You are parsing data using package Cp2kData ---
44
[-77793.68324785]
--- You are parsing data using package Cp2kData ---
Atom names are fake chemical symbols as you set in cp2k input.
Virial Parsing using cp2kdata as plug in for dpdata
was not multiplied by volume before cp2kdata v0.6.4
please check the cp2kdata version and the virial.npy

--- You are parsing data using package Cp2kData ---
45
[-77807.12734782]
--- You are parsing data using package Cp2kData ---
Atom names are fake chemical symbols as you set in cp2k input.
Virial Parsing using cp2kdata as plug in for dpdata
was not multiplied by volume before cp2kdata v0.6.4
please check the cp2kdata version and the virial.npy

--- You are parsing data using package Cp2kData ---
46
[-77798.62342871]
--- You are parsing data using package Cp2kData ---
Atom names are fake chemical symbols as you set in cp2k input.
Virial Parsing using cp2kdata as plug in for dpdata
was not multiplied by volume before cp2kdata v0.6.4
please check the cp2kdata version and the virial.npy

--- You are parsing data using package Cp2kData ---
47
[-77802.07702893]
--- You are parsing data using package Cp2kData ---
Atom names are fake chemical symbols as you set in cp2k input.
Virial Parsing using cp2kdata as plug in for dpdata
was not multiplied by volume before cp2kdata v0.6.4
please check the cp2kdata version and the virial.npy

--- You are parsing data using package Cp2kData ---
48
[-77811.26481882]
--- You are parsing data using package Cp2kData ---
Atom names are fake chemical symbols as you set in cp2k input.
Virial Parsing using cp2kdata as plug in for dpdata
was not multiplied by volume before cp2kdata v0.6.4
please check the cp2kdata version and the virial.npy

--- You are parsing data using package Cp2kData ---
49
[-77815.48197288]
--- You are parsing data using package Cp2kData ---
Atom names are fake chemical symbols as you set in cp2k input.
Virial Parsing using cp2kdata as plug in for dpdata
was not multiplied by volume before cp2kdata v0.6.4
please check the cp2kdata version and the virial.npy

--- You are parsing data using package Cp2kData ---
50
[-77795.42716227]
--- You are parsing data using package Cp2kData ---
Atom names are fake chemical symbols as you set in cp2k input.
Virial Parsing using cp2kdata as plug in for dpdata
was not multiplied by volume before cp2kdata v0.6.4
please check the cp2kdata version and the virial.npy

--- You are parsing data using package Cp2kData ---
51
[-77811.29284843]
--- You are parsing data using package Cp2kData ---
Atom names are fake chemical symbols as you set in cp2k input.
Virial Parsing using cp2kdata as plug in for dpdata
was not multiplied by volume before cp2kdata v0.6.4
please check the cp2kdata version and the virial.npy

--- You are parsing data using package Cp2kData ---
52
[-77812.50135493]
--- You are parsing data using package Cp2kData ---
Atom names are fake chemical symbols as you set in cp2k input.
Virial Parsing using cp2kdata as plug in for dpdata
was not multiplied by volume before cp2kdata v0.6.4
please check the cp2kdata version and the virial.npy

--- You are parsing data using package Cp2kData ---
53
[-77805.36714569]
--- You are parsing data using package Cp2kData ---
Atom names are fake chemical symbols as you set in cp2k input.
Virial Parsing using cp2kdata as plug in for dpdata
was not multiplied by volume before cp2kdata v0.6.4
please check the cp2kdata version and the virial.npy

--- You are parsing data using package Cp2kData ---
54
[-77798.92656588]
--- You are parsing data using package Cp2kData ---
Atom names are fake chemical symbols as you set in cp2k input.
Virial Parsing using cp2kdata as plug in for dpdata
was not multiplied by volume before cp2kdata v0.6.4
please check the cp2kdata version and the virial.npy

--- You are parsing data using package Cp2kData ---
55
[-77800.09898653]
--- You are parsing data using package Cp2kData ---
Atom names are fake chemical symbols as you set in cp2k input.
Virial Parsing using cp2kdata as plug in for dpdata
was not multiplied by volume before cp2kdata v0.6.4
please check the cp2kdata version and the virial.npy

--- You are parsing data using package Cp2kData ---
56
[-77807.09384522]
--- You are parsing data using package Cp2kData ---
Atom names are fake chemical symbols as you set in cp2k input.
Virial Parsing using cp2kdata as plug in for dpdata
was not multiplied by volume before cp2kdata v0.6.4
please check the cp2kdata version and the virial.npy

--- You are parsing data using package Cp2kData ---
57
[-77797.53194434]
--- You are parsing data using package Cp2kData ---
Atom names are fake chemical symbols as you set in cp2k input.
Virial Parsing using cp2kdata as plug in for dpdata
was not multiplied by volume before cp2kdata v0.6.4
please check the cp2kdata version and the virial.npy

--- You are parsing data using package Cp2kData ---
58
[-77808.66778577]
--- You are parsing data using package Cp2kData ---
Atom names are fake chemical symbols as you set in cp2k input.
Virial Parsing using cp2kdata as plug in for dpdata
was not multiplied by volume before cp2kdata v0.6.4
please check the cp2kdata version and the virial.npy

--- You are parsing data using package Cp2kData ---
59
[-77807.23447793]
--- You are parsing data using package Cp2kData ---
Atom names are fake chemical symbols as you set in cp2k input.
Virial Parsing using cp2kdata as plug in for dpdata
was not multiplied by volume before cp2kdata v0.6.4
please check the cp2kdata version and the virial.npy

--- You are parsing data using package Cp2kData ---
60
[-77791.13398152]
--- You are parsing data using package Cp2kData ---
Atom names are fake chemical symbols as you set in cp2k input.
Virial Parsing using cp2kdata as plug in for dpdata
was not multiplied by volume before cp2kdata v0.6.4
please check the cp2kdata version and the virial.npy

--- You are parsing data using package Cp2kData ---
61
[-77806.28942642]
--- You are parsing data using package Cp2kData ---
Atom names are fake chemical symbols as you set in cp2k input.
Virial Parsing using cp2kdata as plug in for dpdata
was not multiplied by volume before cp2kdata v0.6.4
please check the cp2kdata version and the virial.npy

--- You are parsing data using package Cp2kData ---
62
[-77803.71758963]
--- You are parsing data using package Cp2kData ---
Atom names are fake chemical symbols as you set in cp2k input.
Virial Parsing using cp2kdata as plug in for dpdata
was not multiplied by volume before cp2kdata v0.6.4
please check the cp2kdata version and the virial.npy

--- You are parsing data using package Cp2kData ---
63
[-77793.05050488]
--- You are parsing data using package Cp2kData ---
Atom names are fake chemical symbols as you set in cp2k input.
Virial Parsing using cp2kdata as plug in for dpdata
was not multiplied by volume before cp2kdata v0.6.4
please check the cp2kdata version and the virial.npy

--- You are parsing data using package Cp2kData ---
64
[-77799.28818187]
--- You are parsing data using package Cp2kData ---
Atom names are fake chemical symbols as you set in cp2k input.
Virial Parsing using cp2kdata as plug in for dpdata
was not multiplied by volume before cp2kdata v0.6.4
please check the cp2kdata version and the virial.npy

--- You are parsing data using package Cp2kData ---
65
[-77824.94022826]
--- You are parsing data using package Cp2kData ---
Atom names are fake chemical symbols as you set in cp2k input.
Virial Parsing using cp2kdata as plug in for dpdata
was not multiplied by volume before cp2kdata v0.6.4
please check the cp2kdata version and the virial.npy

--- You are parsing data using package Cp2kData ---
66
[-77809.13702627]
--- You are parsing data using package Cp2kData ---
Atom names are fake chemical symbols as you set in cp2k input.
Virial Parsing using cp2kdata as plug in for dpdata
was not multiplied by volume before cp2kdata v0.6.4
please check the cp2kdata version and the virial.npy

--- You are parsing data using package Cp2kData ---
67
[-77808.79802512]
--- You are parsing data using package Cp2kData ---
Atom names are fake chemical symbols as you set in cp2k input.
Virial Parsing using cp2kdata as plug in for dpdata
was not multiplied by volume before cp2kdata v0.6.4
please check the cp2kdata version and the virial.npy

--- You are parsing data using package Cp2kData ---
68
[-77815.80623864]
--- You are parsing data using package Cp2kData ---
Atom names are fake chemical symbols as you set in cp2k input.
Virial Parsing using cp2kdata as plug in for dpdata
was not multiplied by volume before cp2kdata v0.6.4
please check the cp2kdata version and the virial.npy

--- You are parsing data using package Cp2kData ---
69
[-77797.93736509]
--- You are parsing data using package Cp2kData ---
Atom names are fake chemical symbols as you set in cp2k input.
Virial Parsing using cp2kdata as plug in for dpdata
was not multiplied by volume before cp2kdata v0.6.4
please check the cp2kdata version and the virial.npy

--- You are parsing data using package Cp2kData ---
70
[-77802.10269218]
--- You are parsing data using package Cp2kData ---
Atom names are fake chemical symbols as you set in cp2k input.
Virial Parsing using cp2kdata as plug in for dpdata
was not multiplied by volume before cp2kdata v0.6.4
please check the cp2kdata version and the virial.npy

--- You are parsing data using package Cp2kData ---
71
[-77805.76635967]
--- You are parsing data using package Cp2kData ---
Atom names are fake chemical symbols as you set in cp2k input.
Virial Parsing using cp2kdata as plug in for dpdata
was not multiplied by volume before cp2kdata v0.6.4
please check the cp2kdata version and the virial.npy

--- You are parsing data using package Cp2kData ---
72
[-77807.60915332]
--- You are parsing data using package Cp2kData ---
Atom names are fake chemical symbols as you set in cp2k input.
Virial Parsing using cp2kdata as plug in for dpdata
was not multiplied by volume before cp2kdata v0.6.4
please check the cp2kdata version and the virial.npy

--- You are parsing data using package Cp2kData ---
73
[-77810.91148258]
--- You are parsing data using package Cp2kData ---
Atom names are fake chemical symbols as you set in cp2k input.
Virial Parsing using cp2kdata as plug in for dpdata
was not multiplied by volume before cp2kdata v0.6.4
please check the cp2kdata version and the virial.npy

--- You are parsing data using package Cp2kData ---
74
[-77787.028315]
--- You are parsing data using package Cp2kData ---
Atom names are fake chemical symbols as you set in cp2k input.
Virial Parsing using cp2kdata as plug in for dpdata
was not multiplied by volume before cp2kdata v0.6.4
please check the cp2kdata version and the virial.npy

--- You are parsing data using package Cp2kData ---
75
[-77804.60458747]
--- You are parsing data using package Cp2kData ---
Atom names are fake chemical symbols as you set in cp2k input.
Virial Parsing using cp2kdata as plug in for dpdata
was not multiplied by volume before cp2kdata v0.6.4
please check the cp2kdata version and the virial.npy

--- You are parsing data using package Cp2kData ---
76
[-77808.59577834]
--- You are parsing data using package Cp2kData ---
Atom names are fake chemical symbols as you set in cp2k input.
Virial Parsing using cp2kdata as plug in for dpdata
was not multiplied by volume before cp2kdata v0.6.4
please check the cp2kdata version and the virial.npy

--- You are parsing data using package Cp2kData ---
77
[-77805.02667524]
--- You are parsing data using package Cp2kData ---
Atom names are fake chemical symbols as you set in cp2k input.
Virial Parsing using cp2kdata as plug in for dpdata
was not multiplied by volume before cp2kdata v0.6.4
please check the cp2kdata version and the virial.npy

--- You are parsing data using package Cp2kData ---
78
[-77802.5399052]
--- You are parsing data using package Cp2kData ---
Atom names are fake chemical symbols as you set in cp2k input.
Virial Parsing using cp2kdata as plug in for dpdata
was not multiplied by volume before cp2kdata v0.6.4
please check the cp2kdata version and the virial.npy

--- You are parsing data using package Cp2kData ---
79
[-77819.06892204]
--- You are parsing data using package Cp2kData ---
Atom names are fake chemical symbols as you set in cp2k input.
Virial Parsing using cp2kdata as plug in for dpdata
was not multiplied by volume before cp2kdata v0.6.4
please check the cp2kdata version and the virial.npy

--- You are parsing data using package Cp2kData ---
80
[-77803.17280618]
--- You are parsing data using package Cp2kData ---
Atom names are fake chemical symbols as you set in cp2k input.
Virial Parsing using cp2kdata as plug in for dpdata
was not multiplied by volume before cp2kdata v0.6.4
please check the cp2kdata version and the virial.npy

--- You are parsing data using package Cp2kData ---
81
[-77807.61942192]
--- You are parsing data using package Cp2kData ---
Atom names are fake chemical symbols as you set in cp2k input.
Virial Parsing using cp2kdata as plug in for dpdata
was not multiplied by volume before cp2kdata v0.6.4
please check the cp2kdata version and the virial.npy

--- You are parsing data using package Cp2kData ---
82
[-77802.04627461]
--- You are parsing data using package Cp2kData ---
Atom names are fake chemical symbols as you set in cp2k input.
Virial Parsing using cp2kdata as plug in for dpdata
was not multiplied by volume before cp2kdata v0.6.4
please check the cp2kdata version and the virial.npy

--- You are parsing data using package Cp2kData ---
83
[-77787.80544331]
--- You are parsing data using package Cp2kData ---
Atom names are fake chemical symbols as you set in cp2k input.
Virial Parsing using cp2kdata as plug in for dpdata
was not multiplied by volume before cp2kdata v0.6.4
please check the cp2kdata version and the virial.npy

--- You are parsing data using package Cp2kData ---
84
[-77805.20634239]
--- You are parsing data using package Cp2kData ---
Atom names are fake chemical symbols as you set in cp2k input.
Virial Parsing using cp2kdata as plug in for dpdata
was not multiplied by volume before cp2kdata v0.6.4
please check the cp2kdata version and the virial.npy

--- You are parsing data using package Cp2kData ---
85
[-77790.9234467]
--- You are parsing data using package Cp2kData ---
Atom names are fake chemical symbols as you set in cp2k input.
Virial Parsing using cp2kdata as plug in for dpdata
was not multiplied by volume before cp2kdata v0.6.4
please check the cp2kdata version and the virial.npy

--- You are parsing data using package Cp2kData ---
86
[-77805.50418123]
--- You are parsing data using package Cp2kData ---
Atom names are fake chemical symbols as you set in cp2k input.
Virial Parsing using cp2kdata as plug in for dpdata
was not multiplied by volume before cp2kdata v0.6.4
please check the cp2kdata version and the virial.npy

--- You are parsing data using package Cp2kData ---
87
[-77801.78126218]
--- You are parsing data using package Cp2kData ---
88
[]
--- You are parsing data using package Cp2kData ---
Atom names are fake chemical symbols as you set in cp2k input.
Virial Parsing using cp2kdata as plug in for dpdata
was not multiplied by volume before cp2kdata v0.6.4
please check the cp2kdata version and the virial.npy

--- You are parsing data using package Cp2kData ---
89
[-77810.95522428]
--- You are parsing data using package Cp2kData ---
Atom names are fake chemical symbols as you set in cp2k input.
Virial Parsing using cp2kdata as plug in for dpdata
was not multiplied by volume before cp2kdata v0.6.4
please check the cp2kdata version and the virial.npy

--- You are parsing data using package Cp2kData ---
90
[-77795.46585148]
--- You are parsing data using package Cp2kData ---
Atom names are fake chemical symbols as you set in cp2k input.
Virial Parsing using cp2kdata as plug in for dpdata
was not multiplied by volume before cp2kdata v0.6.4
please check the cp2kdata version and the virial.npy

--- You are parsing data using package Cp2kData ---
91
[-77791.98069967]
--- You are parsing data using package Cp2kData ---
Atom names are fake chemical symbols as you set in cp2k input.
Virial Parsing using cp2kdata as plug in for dpdata
was not multiplied by volume before cp2kdata v0.6.4
please check the cp2kdata version and the virial.npy

--- You are parsing data using package Cp2kData ---
92
[-77801.7026362]
--- You are parsing data using package Cp2kData ---
Atom names are fake chemical symbols as you set in cp2k input.
Virial Parsing using cp2kdata as plug in for dpdata
was not multiplied by volume before cp2kdata v0.6.4
please check the cp2kdata version and the virial.npy

--- You are parsing data using package Cp2kData ---
93
[-77803.04095665]
--- You are parsing data using package Cp2kData ---
Atom names are fake chemical symbols as you set in cp2k input.
Virial Parsing using cp2kdata as plug in for dpdata
was not multiplied by volume before cp2kdata v0.6.4
please check the cp2kdata version and the virial.npy

--- You are parsing data using package Cp2kData ---
94
[-77790.79586712]
--- You are parsing data using package Cp2kData ---
Atom names are fake chemical symbols as you set in cp2k input.
Virial Parsing using cp2kdata as plug in for dpdata
was not multiplied by volume before cp2kdata v0.6.4
please check the cp2kdata version and the virial.npy

--- You are parsing data using package Cp2kData ---
95
[-77796.21524085]
--- You are parsing data using package Cp2kData ---
Atom names are fake chemical symbols as you set in cp2k input.
Virial Parsing using cp2kdata as plug in for dpdata
was not multiplied by volume before cp2kdata v0.6.4
please check the cp2kdata version and the virial.npy

--- You are parsing data using package Cp2kData ---
96
[-77799.10671497]
--- You are parsing data using package Cp2kData ---
Atom names are fake chemical symbols as you set in cp2k input.
Virial Parsing using cp2kdata as plug in for dpdata
was not multiplied by volume before cp2kdata v0.6.4
please check the cp2kdata version and the virial.npy

--- You are parsing data using package Cp2kData ---
97
[-77789.78020751]
--- You are parsing data using package Cp2kData ---
Atom names are fake chemical symbols as you set in cp2k input.
Virial Parsing using cp2kdata as plug in for dpdata
was not multiplied by volume before cp2kdata v0.6.4
please check the cp2kdata version and the virial.npy

--- You are parsing data using package Cp2kData ---
98
[-77811.57449684]
--- You are parsing data using package Cp2kData ---
Atom names are fake chemical symbols as you set in cp2k input.
Virial Parsing using cp2kdata as plug in for dpdata
was not multiplied by volume before cp2kdata v0.6.4
please check the cp2kdata version and the virial.npy

--- You are parsing data using package Cp2kData ---
99
[-77804.39778404]
--- You are parsing data using package Cp2kData ---
Atom names are fake chemical symbols as you set in cp2k input.
Virial Parsing using cp2kdata as plug in for dpdata
was not multiplied by volume before cp2kdata v0.6.4
please check the cp2kdata version and the virial.npy

--- You are parsing data using package Cp2kData ---
100
[-77800.34636075]
--- You are parsing data using package Cp2kData ---
Atom names are fake chemical symbols as you set in cp2k input.
Virial Parsing using cp2kdata as plug in for dpdata
was not multiplied by volume before cp2kdata v0.6.4
please check the cp2kdata version and the virial.npy

--- You are parsing data using package Cp2kData ---
101
[-77796.77096702]
--- You are parsing data using package Cp2kData ---
Atom names are fake chemical symbols as you set in cp2k input.
Virial Parsing using cp2kdata as plug in for dpdata
was not multiplied by volume before cp2kdata v0.6.4
please check the cp2kdata version and the virial.npy

--- You are parsing data using package Cp2kData ---
102
[-77822.22197819]
--- You are parsing data using package Cp2kData ---
Atom names are fake chemical symbols as you set in cp2k input.
Virial Parsing using cp2kdata as plug in for dpdata
was not multiplied by volume before cp2kdata v0.6.4
please check the cp2kdata version and the virial.npy

--- You are parsing data using package Cp2kData ---
103
[-77801.82436076]
--- You are parsing data using package Cp2kData ---
Atom names are fake chemical symbols as you set in cp2k input.
Virial Parsing using cp2kdata as plug in for dpdata
was not multiplied by volume before cp2kdata v0.6.4
please check the cp2kdata version and the virial.npy

--- You are parsing data using package Cp2kData ---
104
[-77796.17581021]
--- You are parsing data using package Cp2kData ---
Atom names are fake chemical symbols as you set in cp2k input.
Virial Parsing using cp2kdata as plug in for dpdata
was not multiplied by volume before cp2kdata v0.6.4
please check the cp2kdata version and the virial.npy

--- You are parsing data using package Cp2kData ---
105
[-77804.68647436]
--- You are parsing data using package Cp2kData ---
Atom names are fake chemical symbols as you set in cp2k input.
Virial Parsing using cp2kdata as plug in for dpdata
was not multiplied by volume before cp2kdata v0.6.4
please check the cp2kdata version and the virial.npy

--- You are parsing data using package Cp2kData ---
106
[-77797.78803859]
--- You are parsing data using package Cp2kData ---
Atom names are fake chemical symbols as you set in cp2k input.
Virial Parsing using cp2kdata as plug in for dpdata
was not multiplied by volume before cp2kdata v0.6.4
please check the cp2kdata version and the virial.npy

--- You are parsing data using package Cp2kData ---
107
[-77792.21745921]
--- You are parsing data using package Cp2kData ---
Atom names are fake chemical symbols as you set in cp2k input.
Virial Parsing using cp2kdata as plug in for dpdata
was not multiplied by volume before cp2kdata v0.6.4
please check the cp2kdata version and the virial.npy

--- You are parsing data using package Cp2kData ---
108
[-77806.33171179]
--- You are parsing data using package Cp2kData ---
Atom names are fake chemical symbols as you set in cp2k input.
Virial Parsing using cp2kdata as plug in for dpdata
was not multiplied by volume before cp2kdata v0.6.4
please check the cp2kdata version and the virial.npy

--- You are parsing data using package Cp2kData ---
109
[-77803.5022549]
--- You are parsing data using package Cp2kData ---
Atom names are fake chemical symbols as you set in cp2k input.
Virial Parsing using cp2kdata as plug in for dpdata
was not multiplied by volume before cp2kdata v0.6.4
please check the cp2kdata version and the virial.npy

--- You are parsing data using package Cp2kData ---
110
[-77797.57389311]
--- You are parsing data using package Cp2kData ---
Atom names are fake chemical symbols as you set in cp2k input.
Virial Parsing using cp2kdata as plug in for dpdata
was not multiplied by volume before cp2kdata v0.6.4
please check the cp2kdata version and the virial.npy

--- You are parsing data using package Cp2kData ---
111
[-77798.28554499]
--- You are parsing data using package Cp2kData ---
Atom names are fake chemical symbols as you set in cp2k input.
Virial Parsing using cp2kdata as plug in for dpdata
was not multiplied by volume before cp2kdata v0.6.4
please check the cp2kdata version and the virial.npy

--- You are parsing data using package Cp2kData ---
112
[-77797.44733765]
--- You are parsing data using package Cp2kData ---
Atom names are fake chemical symbols as you set in cp2k input.
Virial Parsing using cp2kdata as plug in for dpdata
was not multiplied by volume before cp2kdata v0.6.4
please check the cp2kdata version and the virial.npy

--- You are parsing data using package Cp2kData ---
113
[-77800.12989842]
--- You are parsing data using package Cp2kData ---
Atom names are fake chemical symbols as you set in cp2k input.
Virial Parsing using cp2kdata as plug in for dpdata
was not multiplied by volume before cp2kdata v0.6.4
please check the cp2kdata version and the virial.npy

--- You are parsing data using package Cp2kData ---
114
[-77796.75622527]
--- You are parsing data using package Cp2kData ---
Atom names are fake chemical symbols as you set in cp2k input.
Virial Parsing using cp2kdata as plug in for dpdata
was not multiplied by volume before cp2kdata v0.6.4
please check the cp2kdata version and the virial.npy

--- You are parsing data using package Cp2kData ---
115
[-77806.22431014]
--- You are parsing data using package Cp2kData ---
Atom names are fake chemical symbols as you set in cp2k input.
Virial Parsing using cp2kdata as plug in for dpdata
was not multiplied by volume before cp2kdata v0.6.4
please check the cp2kdata version and the virial.npy

--- You are parsing data using package Cp2kData ---
116
[-77791.50121869]
--- You are parsing data using package Cp2kData ---
Atom names are fake chemical symbols as you set in cp2k input.
Virial Parsing using cp2kdata as plug in for dpdata
was not multiplied by volume before cp2kdata v0.6.4
please check the cp2kdata version and the virial.npy

--- You are parsing data using package Cp2kData ---
117
[-77798.59027782]
--- You are parsing data using package Cp2kData ---
Atom names are fake chemical symbols as you set in cp2k input.
Virial Parsing using cp2kdata as plug in for dpdata
was not multiplied by volume before cp2kdata v0.6.4
please check the cp2kdata version and the virial.npy

--- You are parsing data using package Cp2kData ---
118
[-77798.1849554]
--- You are parsing data using package Cp2kData ---
Atom names are fake chemical symbols as you set in cp2k input.
Virial Parsing using cp2kdata as plug in for dpdata
was not multiplied by volume before cp2kdata v0.6.4
please check the cp2kdata version and the virial.npy

--- You are parsing data using package Cp2kData ---
119
[-77806.23674992]
--- You are parsing data using package Cp2kData ---
Atom names are fake chemical symbols as you set in cp2k input.
Virial Parsing using cp2kdata as plug in for dpdata
was not multiplied by volume before cp2kdata v0.6.4
please check the cp2kdata version and the virial.npy

--- You are parsing data using package Cp2kData ---
120
[-77802.46452785]
--- You are parsing data using package Cp2kData ---
Atom names are fake chemical symbols as you set in cp2k input.
Virial Parsing using cp2kdata as plug in for dpdata
was not multiplied by volume before cp2kdata v0.6.4
please check the cp2kdata version and the virial.npy

--- You are parsing data using package Cp2kData ---
121
[-77810.17871704]
--- You are parsing data using package Cp2kData ---
Atom names are fake chemical symbols as you set in cp2k input.
Virial Parsing using cp2kdata as plug in for dpdata
was not multiplied by volume before cp2kdata v0.6.4
please check the cp2kdata version and the virial.npy

--- You are parsing data using package Cp2kData ---
122
[-77811.60164878]
--- You are parsing data using package Cp2kData ---
Atom names are fake chemical symbols as you set in cp2k input.
Virial Parsing using cp2kdata as plug in for dpdata
was not multiplied by volume before cp2kdata v0.6.4
please check the cp2kdata version and the virial.npy

--- You are parsing data using package Cp2kData ---
123
[-77806.19102222]
--- You are parsing data using package Cp2kData ---
Atom names are fake chemical symbols as you set in cp2k input.
Virial Parsing using cp2kdata as plug in for dpdata
was not multiplied by volume before cp2kdata v0.6.4
please check the cp2kdata version and the virial.npy

--- You are parsing data using package Cp2kData ---
124
[-77788.05636191]
--- You are parsing data using package Cp2kData ---
Atom names are fake chemical symbols as you set in cp2k input.
Virial Parsing using cp2kdata as plug in for dpdata
was not multiplied by volume before cp2kdata v0.6.4
please check the cp2kdata version and the virial.npy

--- You are parsing data using package Cp2kData ---
125
[-77807.03749906]
--- You are parsing data using package Cp2kData ---
Atom names are fake chemical symbols as you set in cp2k input.
Virial Parsing using cp2kdata as plug in for dpdata
was not multiplied by volume before cp2kdata v0.6.4
please check the cp2kdata version and the virial.npy

--- You are parsing data using package Cp2kData ---
126
[-77789.66365984]
--- You are parsing data using package Cp2kData ---
Atom names are fake chemical symbols as you set in cp2k input.
Virial Parsing using cp2kdata as plug in for dpdata
was not multiplied by volume before cp2kdata v0.6.4
please check the cp2kdata version and the virial.npy

--- You are parsing data using package Cp2kData ---
127
[-77799.9004518]
--- You are parsing data using package Cp2kData ---
Atom names are fake chemical symbols as you set in cp2k input.
Virial Parsing using cp2kdata as plug in for dpdata
was not multiplied by volume before cp2kdata v0.6.4
please check the cp2kdata version and the virial.npy

--- You are parsing data using package Cp2kData ---
128
[-77807.44415625]
--- You are parsing data using package Cp2kData ---
Atom names are fake chemical symbols as you set in cp2k input.
Virial Parsing using cp2kdata as plug in for dpdata
was not multiplied by volume before cp2kdata v0.6.4
please check the cp2kdata version and the virial.npy

--- You are parsing data using package Cp2kData ---
129
[-77800.3494127]
--- You are parsing data using package Cp2kData ---
Atom names are fake chemical symbols as you set in cp2k input.
Virial Parsing using cp2kdata as plug in for dpdata
was not multiplied by volume before cp2kdata v0.6.4
please check the cp2kdata version and the virial.npy

--- You are parsing data using package Cp2kData ---
130
[-77808.98874044]
--- You are parsing data using package Cp2kData ---
Atom names are fake chemical symbols as you set in cp2k input.
Virial Parsing using cp2kdata as plug in for dpdata
was not multiplied by volume before cp2kdata v0.6.4
please check the cp2kdata version and the virial.npy

--- You are parsing data using package Cp2kData ---
131
[-77802.60213852]
--- You are parsing data using package Cp2kData ---
Atom names are fake chemical symbols as you set in cp2k input.
Virial Parsing using cp2kdata as plug in for dpdata
was not multiplied by volume before cp2kdata v0.6.4
please check the cp2kdata version and the virial.npy

--- You are parsing data using package Cp2kData ---
132
[-77796.79029601]
--- You are parsing data using package Cp2kData ---
Atom names are fake chemical symbols as you set in cp2k input.
Virial Parsing using cp2kdata as plug in for dpdata
was not multiplied by volume before cp2kdata v0.6.4
please check the cp2kdata version and the virial.npy

--- You are parsing data using package Cp2kData ---
133
[-77819.04751529]
--- You are parsing data using package Cp2kData ---
Atom names are fake chemical symbols as you set in cp2k input.
Virial Parsing using cp2kdata as plug in for dpdata
was not multiplied by volume before cp2kdata v0.6.4
please check the cp2kdata version and the virial.npy

--- You are parsing data using package Cp2kData ---
134
[-77800.90012111]
--- You are parsing data using package Cp2kData ---
Atom names are fake chemical symbols as you set in cp2k input.
Virial Parsing using cp2kdata as plug in for dpdata
was not multiplied by volume before cp2kdata v0.6.4
please check the cp2kdata version and the virial.npy

--- You are parsing data using package Cp2kData ---
135
[-77814.45777602]
--- You are parsing data using package Cp2kData ---
Atom names are fake chemical symbols as you set in cp2k input.
Virial Parsing using cp2kdata as plug in for dpdata
was not multiplied by volume before cp2kdata v0.6.4
please check the cp2kdata version and the virial.npy

--- You are parsing data using package Cp2kData ---
136
[-77805.08211633]
--- You are parsing data using package Cp2kData ---
Atom names are fake chemical symbols as you set in cp2k input.
Virial Parsing using cp2kdata as plug in for dpdata
was not multiplied by volume before cp2kdata v0.6.4
please check the cp2kdata version and the virial.npy

--- You are parsing data using package Cp2kData ---
137
[-77812.65418565]
--- You are parsing data using package Cp2kData ---
Atom names are fake chemical symbols as you set in cp2k input.
Virial Parsing using cp2kdata as plug in for dpdata
was not multiplied by volume before cp2kdata v0.6.4
please check the cp2kdata version and the virial.npy

--- You are parsing data using package Cp2kData ---
138
[-77801.39704535]
--- You are parsing data using package Cp2kData ---
Atom names are fake chemical symbols as you set in cp2k input.
Virial Parsing using cp2kdata as plug in for dpdata
was not multiplied by volume before cp2kdata v0.6.4
please check the cp2kdata version and the virial.npy

--- You are parsing data using package Cp2kData ---
139
[-77804.27946977]
--- You are parsing data using package Cp2kData ---
Atom names are fake chemical symbols as you set in cp2k input.
Virial Parsing using cp2kdata as plug in for dpdata
was not multiplied by volume before cp2kdata v0.6.4
please check the cp2kdata version and the virial.npy

--- You are parsing data using package Cp2kData ---
140
[-77799.84635726]
--- You are parsing data using package Cp2kData ---
Atom names are fake chemical symbols as you set in cp2k input.
Virial Parsing using cp2kdata as plug in for dpdata
was not multiplied by volume before cp2kdata v0.6.4
please check the cp2kdata version and the virial.npy

--- You are parsing data using package Cp2kData ---
141
[-77802.5353396]
--- You are parsing data using package Cp2kData ---
Atom names are fake chemical symbols as you set in cp2k input.
Virial Parsing using cp2kdata as plug in for dpdata
was not multiplied by volume before cp2kdata v0.6.4
please check the cp2kdata version and the virial.npy

--- You are parsing data using package Cp2kData ---
142
[-77813.41683347]
--- You are parsing data using package Cp2kData ---
Atom names are fake chemical symbols as you set in cp2k input.
Virial Parsing using cp2kdata as plug in for dpdata
was not multiplied by volume before cp2kdata v0.6.4
please check the cp2kdata version and the virial.npy

--- You are parsing data using package Cp2kData ---
143
[-77791.90368579]
--- You are parsing data using package Cp2kData ---
Atom names are fake chemical symbols as you set in cp2k input.
Virial Parsing using cp2kdata as plug in for dpdata
was not multiplied by volume before cp2kdata v0.6.4
please check the cp2kdata version and the virial.npy

--- You are parsing data using package Cp2kData ---
144
[-77801.03684035]
--- You are parsing data using package Cp2kData ---
Atom names are fake chemical symbols as you set in cp2k input.
Virial Parsing using cp2kdata as plug in for dpdata
was not multiplied by volume before cp2kdata v0.6.4
please check the cp2kdata version and the virial.npy

--- You are parsing data using package Cp2kData ---
145
[-77801.12743494]
--- You are parsing data using package Cp2kData ---
Atom names are fake chemical symbols as you set in cp2k input.
Virial Parsing using cp2kdata as plug in for dpdata
was not multiplied by volume before cp2kdata v0.6.4
please check the cp2kdata version and the virial.npy

--- You are parsing data using package Cp2kData ---
146
[-77812.94139039]
--- You are parsing data using package Cp2kData ---
Atom names are fake chemical symbols as you set in cp2k input.
Virial Parsing using cp2kdata as plug in for dpdata
was not multiplied by volume before cp2kdata v0.6.4
please check the cp2kdata version and the virial.npy

--- You are parsing data using package Cp2kData ---
147
[-77806.69430295]
--- You are parsing data using package Cp2kData ---
Atom names are fake chemical symbols as you set in cp2k input.
Virial Parsing using cp2kdata as plug in for dpdata
was not multiplied by volume before cp2kdata v0.6.4
please check the cp2kdata version and the virial.npy

--- You are parsing data using package Cp2kData ---
148
[-77802.54564761]
--- You are parsing data using package Cp2kData ---
Atom names are fake chemical symbols as you set in cp2k input.
Virial Parsing using cp2kdata as plug in for dpdata
was not multiplied by volume before cp2kdata v0.6.4
please check the cp2kdata version and the virial.npy

--- You are parsing data using package Cp2kData ---
149
[-77799.44708615]
--- You are parsing data using package Cp2kData ---
Atom names are fake chemical symbols as you set in cp2k input.
Virial Parsing using cp2kdata as plug in for dpdata
was not multiplied by volume before cp2kdata v0.6.4
please check the cp2kdata version and the virial.npy

--- You are parsing data using package Cp2kData ---
150
[-77792.56014884]
--- You are parsing data using package Cp2kData ---
Atom names are fake chemical symbols as you set in cp2k input.
Virial Parsing using cp2kdata as plug in for dpdata
was not multiplied by volume before cp2kdata v0.6.4
please check the cp2kdata version and the virial.npy

--- You are parsing data using package Cp2kData ---
151
[-77808.02852685]
--- You are parsing data using package Cp2kData ---
Atom names are fake chemical symbols as you set in cp2k input.
Virial Parsing using cp2kdata as plug in for dpdata
was not multiplied by volume before cp2kdata v0.6.4
please check the cp2kdata version and the virial.npy

--- You are parsing data using package Cp2kData ---
152
[-77804.29337678]
--- You are parsing data using package Cp2kData ---
Atom names are fake chemical symbols as you set in cp2k input.
Virial Parsing using cp2kdata as plug in for dpdata
was not multiplied by volume before cp2kdata v0.6.4
please check the cp2kdata version and the virial.npy

--- You are parsing data using package Cp2kData ---
153
[-77804.47517224]
--- You are parsing data using package Cp2kData ---
Atom names are fake chemical symbols as you set in cp2k input.
Virial Parsing using cp2kdata as plug in for dpdata
was not multiplied by volume before cp2kdata v0.6.4
please check the cp2kdata version and the virial.npy

--- You are parsing data using package Cp2kData ---
154
[-77803.57340167]
--- You are parsing data using package Cp2kData ---
Atom names are fake chemical symbols as you set in cp2k input.
Virial Parsing using cp2kdata as plug in for dpdata
was not multiplied by volume before cp2kdata v0.6.4
please check the cp2kdata version and the virial.npy

--- You are parsing data using package Cp2kData ---
155
[-77808.17259344]
--- You are parsing data using package Cp2kData ---
Atom names are fake chemical symbols as you set in cp2k input.
Virial Parsing using cp2kdata as plug in for dpdata
was not multiplied by volume before cp2kdata v0.6.4
please check the cp2kdata version and the virial.npy

--- You are parsing data using package Cp2kData ---
156
[-77797.10493413]
--- You are parsing data using package Cp2kData ---
Atom names are fake chemical symbols as you set in cp2k input.
Virial Parsing using cp2kdata as plug in for dpdata
was not multiplied by volume before cp2kdata v0.6.4
please check the cp2kdata version and the virial.npy

--- You are parsing data using package Cp2kData ---
157
[-77812.58341469]
--- You are parsing data using package Cp2kData ---
Atom names are fake chemical symbols as you set in cp2k input.
Virial Parsing using cp2kdata as plug in for dpdata
was not multiplied by volume before cp2kdata v0.6.4
please check the cp2kdata version and the virial.npy

--- You are parsing data using package Cp2kData ---
158
[-77801.37893741]
--- You are parsing data using package Cp2kData ---
Atom names are fake chemical symbols as you set in cp2k input.
Virial Parsing using cp2kdata as plug in for dpdata
was not multiplied by volume before cp2kdata v0.6.4
please check the cp2kdata version and the virial.npy

--- You are parsing data using package Cp2kData ---
159
[-77809.51114308]
--- You are parsing data using package Cp2kData ---
Atom names are fake chemical symbols as you set in cp2k input.
Virial Parsing using cp2kdata as plug in for dpdata
was not multiplied by volume before cp2kdata v0.6.4
please check the cp2kdata version and the virial.npy

--- You are parsing data using package Cp2kData ---
160
[-77818.16499536]
--- You are parsing data using package Cp2kData ---
Atom names are fake chemical symbols as you set in cp2k input.
Virial Parsing using cp2kdata as plug in for dpdata
was not multiplied by volume before cp2kdata v0.6.4
please check the cp2kdata version and the virial.npy

--- You are parsing data using package Cp2kData ---
161
[-77809.42183573]
--- You are parsing data using package Cp2kData ---
Atom names are fake chemical symbols as you set in cp2k input.
Virial Parsing using cp2kdata as plug in for dpdata
was not multiplied by volume before cp2kdata v0.6.4
please check the cp2kdata version and the virial.npy

--- You are parsing data using package Cp2kData ---
162
[-77802.23349039]
--- You are parsing data using package Cp2kData ---
Atom names are fake chemical symbols as you set in cp2k input.
Virial Parsing using cp2kdata as plug in for dpdata
was not multiplied by volume before cp2kdata v0.6.4
please check the cp2kdata version and the virial.npy

--- You are parsing data using package Cp2kData ---
163
[-77797.12281716]
--- You are parsing data using package Cp2kData ---
Atom names are fake chemical symbols as you set in cp2k input.
Virial Parsing using cp2kdata as plug in for dpdata
was not multiplied by volume before cp2kdata v0.6.4
please check the cp2kdata version and the virial.npy

--- You are parsing data using package Cp2kData ---
164
[-77801.22942649]
--- You are parsing data using package Cp2kData ---
Atom names are fake chemical symbols as you set in cp2k input.
Virial Parsing using cp2kdata as plug in for dpdata
was not multiplied by volume before cp2kdata v0.6.4
please check the cp2kdata version and the virial.npy

--- You are parsing data using package Cp2kData ---
165
[-77813.17906156]
--- You are parsing data using package Cp2kData ---
Atom names are fake chemical symbols as you set in cp2k input.
Virial Parsing using cp2kdata as plug in for dpdata
was not multiplied by volume before cp2kdata v0.6.4
please check the cp2kdata version and the virial.npy

--- You are parsing data using package Cp2kData ---
166
[-77800.7479693]
--- You are parsing data using package Cp2kData ---
Atom names are fake chemical symbols as you set in cp2k input.
Virial Parsing using cp2kdata as plug in for dpdata
was not multiplied by volume before cp2kdata v0.6.4
please check the cp2kdata version and the virial.npy

--- You are parsing data using package Cp2kData ---
167
[-77811.58433616]
--- You are parsing data using package Cp2kData ---
Atom names are fake chemical symbols as you set in cp2k input.
Virial Parsing using cp2kdata as plug in for dpdata
was not multiplied by volume before cp2kdata v0.6.4
please check the cp2kdata version and the virial.npy

--- You are parsing data using package Cp2kData ---
168
[-77808.44892362]
--- You are parsing data using package Cp2kData ---
Atom names are fake chemical symbols as you set in cp2k input.
Virial Parsing using cp2kdata as plug in for dpdata
was not multiplied by volume before cp2kdata v0.6.4
please check the cp2kdata version and the virial.npy

--- You are parsing data using package Cp2kData ---
169
[-77813.61012233]
--- You are parsing data using package Cp2kData ---
Atom names are fake chemical symbols as you set in cp2k input.
Virial Parsing using cp2kdata as plug in for dpdata
was not multiplied by volume before cp2kdata v0.6.4
please check the cp2kdata version and the virial.npy

--- You are parsing data using package Cp2kData ---
170
[-77783.28243943]
--- You are parsing data using package Cp2kData ---
Atom names are fake chemical symbols as you set in cp2k input.
Virial Parsing using cp2kdata as plug in for dpdata
was not multiplied by volume before cp2kdata v0.6.4
please check the cp2kdata version and the virial.npy

--- You are parsing data using package Cp2kData ---
171
[-77809.23635823]
--- You are parsing data using package Cp2kData ---
Atom names are fake chemical symbols as you set in cp2k input.
Virial Parsing using cp2kdata as plug in for dpdata
was not multiplied by volume before cp2kdata v0.6.4
please check the cp2kdata version and the virial.npy

--- You are parsing data using package Cp2kData ---
172
[-77796.79052028]
--- You are parsing data using package Cp2kData ---
Atom names are fake chemical symbols as you set in cp2k input.
Virial Parsing using cp2kdata as plug in for dpdata
was not multiplied by volume before cp2kdata v0.6.4
please check the cp2kdata version and the virial.npy

--- You are parsing data using package Cp2kData ---
173
[-77811.07242806]
--- You are parsing data using package Cp2kData ---
Atom names are fake chemical symbols as you set in cp2k input.
Virial Parsing using cp2kdata as plug in for dpdata
was not multiplied by volume before cp2kdata v0.6.4
please check the cp2kdata version and the virial.npy

--- You are parsing data using package Cp2kData ---
174
[-77803.37155394]
--- You are parsing data using package Cp2kData ---
Atom names are fake chemical symbols as you set in cp2k input.
Virial Parsing using cp2kdata as plug in for dpdata
was not multiplied by volume before cp2kdata v0.6.4
please check the cp2kdata version and the virial.npy

--- You are parsing data using package Cp2kData ---
175
[-77791.74939966]
--- You are parsing data using package Cp2kData ---
Atom names are fake chemical symbols as you set in cp2k input.
Virial Parsing using cp2kdata as plug in for dpdata
was not multiplied by volume before cp2kdata v0.6.4
please check the cp2kdata version and the virial.npy

--- You are parsing data using package Cp2kData ---
176
[-77799.35737129]
--- You are parsing data using package Cp2kData ---
Atom names are fake chemical symbols as you set in cp2k input.
Virial Parsing using cp2kdata as plug in for dpdata
was not multiplied by volume before cp2kdata v0.6.4
please check the cp2kdata version and the virial.npy

--- You are parsing data using package Cp2kData ---
177
[-77800.39720107]
--- You are parsing data using package Cp2kData ---
Atom names are fake chemical symbols as you set in cp2k input.
Virial Parsing using cp2kdata as plug in for dpdata
was not multiplied by volume before cp2kdata v0.6.4
please check the cp2kdata version and the virial.npy

--- You are parsing data using package Cp2kData ---
178
[-77814.17353771]
--- You are parsing data using package Cp2kData ---
Atom names are fake chemical symbols as you set in cp2k input.
Virial Parsing using cp2kdata as plug in for dpdata
was not multiplied by volume before cp2kdata v0.6.4
please check the cp2kdata version and the virial.npy

--- You are parsing data using package Cp2kData ---
179
[-77799.70005865]
--- You are parsing data using package Cp2kData ---
Atom names are fake chemical symbols as you set in cp2k input.
Virial Parsing using cp2kdata as plug in for dpdata
was not multiplied by volume before cp2kdata v0.6.4
please check the cp2kdata version and the virial.npy

--- You are parsing data using package Cp2kData ---
180
[-77807.86040358]
--- You are parsing data using package Cp2kData ---
Atom names are fake chemical symbols as you set in cp2k input.
Virial Parsing using cp2kdata as plug in for dpdata
was not multiplied by volume before cp2kdata v0.6.4
please check the cp2kdata version and the virial.npy

--- You are parsing data using package Cp2kData ---
181
[-77799.54549384]
--- You are parsing data using package Cp2kData ---
Atom names are fake chemical symbols as you set in cp2k input.
Virial Parsing using cp2kdata as plug in for dpdata
was not multiplied by volume before cp2kdata v0.6.4
please check the cp2kdata version and the virial.npy

--- You are parsing data using package Cp2kData ---
182
[-77795.87906541]
--- You are parsing data using package Cp2kData ---
Atom names are fake chemical symbols as you set in cp2k input.
Virial Parsing using cp2kdata as plug in for dpdata
was not multiplied by volume before cp2kdata v0.6.4
please check the cp2kdata version and the virial.npy

--- You are parsing data using package Cp2kData ---
183
[-77805.92303903]
--- You are parsing data using package Cp2kData ---
Atom names are fake chemical symbols as you set in cp2k input.
Virial Parsing using cp2kdata as plug in for dpdata
was not multiplied by volume before cp2kdata v0.6.4
please check the cp2kdata version and the virial.npy

--- You are parsing data using package Cp2kData ---
184
[-77817.6025899]
--- You are parsing data using package Cp2kData ---
Atom names are fake chemical symbols as you set in cp2k input.
Virial Parsing using cp2kdata as plug in for dpdata
was not multiplied by volume before cp2kdata v0.6.4
please check the cp2kdata version and the virial.npy

--- You are parsing data using package Cp2kData ---
185
[-77808.64313654]
--- You are parsing data using package Cp2kData ---
Atom names are fake chemical symbols as you set in cp2k input.
Virial Parsing using cp2kdata as plug in for dpdata
was not multiplied by volume before cp2kdata v0.6.4
please check the cp2kdata version and the virial.npy

--- You are parsing data using package Cp2kData ---
186
[-77800.91145758]
--- You are parsing data using package Cp2kData ---
Atom names are fake chemical symbols as you set in cp2k input.
Virial Parsing using cp2kdata as plug in for dpdata
was not multiplied by volume before cp2kdata v0.6.4
please check the cp2kdata version and the virial.npy

--- You are parsing data using package Cp2kData ---
187
[-77797.65581253]
--- You are parsing data using package Cp2kData ---
Atom names are fake chemical symbols as you set in cp2k input.
Virial Parsing using cp2kdata as plug in for dpdata
was not multiplied by volume before cp2kdata v0.6.4
please check the cp2kdata version and the virial.npy

--- You are parsing data using package Cp2kData ---
188
[-77809.72065777]
--- You are parsing data using package Cp2kData ---
Atom names are fake chemical symbols as you set in cp2k input.
Virial Parsing using cp2kdata as plug in for dpdata
was not multiplied by volume before cp2kdata v0.6.4
please check the cp2kdata version and the virial.npy

--- You are parsing data using package Cp2kData ---
189
[-77808.51250949]
--- You are parsing data using package Cp2kData ---
Atom names are fake chemical symbols as you set in cp2k input.
Virial Parsing using cp2kdata as plug in for dpdata
was not multiplied by volume before cp2kdata v0.6.4
please check the cp2kdata version and the virial.npy

--- You are parsing data using package Cp2kData ---
190
[-77795.68645249]
--- You are parsing data using package Cp2kData ---
Atom names are fake chemical symbols as you set in cp2k input.
Virial Parsing using cp2kdata as plug in for dpdata
was not multiplied by volume before cp2kdata v0.6.4
please check the cp2kdata version and the virial.npy

--- You are parsing data using package Cp2kData ---
191
[-77803.95628562]
--- You are parsing data using package Cp2kData ---
Atom names are fake chemical symbols as you set in cp2k input.
Virial Parsing using cp2kdata as plug in for dpdata
was not multiplied by volume before cp2kdata v0.6.4
please check the cp2kdata version and the virial.npy

--- You are parsing data using package Cp2kData ---
192
[-77806.43311138]
--- You are parsing data using package Cp2kData ---
Atom names are fake chemical symbols as you set in cp2k input.
Virial Parsing using cp2kdata as plug in for dpdata
was not multiplied by volume before cp2kdata v0.6.4
please check the cp2kdata version and the virial.npy

--- You are parsing data using package Cp2kData ---
193
[-77811.56527957]
--- You are parsing data using package Cp2kData ---
Atom names are fake chemical symbols as you set in cp2k input.
Virial Parsing using cp2kdata as plug in for dpdata
was not multiplied by volume before cp2kdata v0.6.4
please check the cp2kdata version and the virial.npy

--- You are parsing data using package Cp2kData ---
194
[-77819.80744657]
--- You are parsing data using package Cp2kData ---
Atom names are fake chemical symbols as you set in cp2k input.
Virial Parsing using cp2kdata as plug in for dpdata
was not multiplied by volume before cp2kdata v0.6.4
please check the cp2kdata version and the virial.npy

--- You are parsing data using package Cp2kData ---
195
[-77816.19808277]
--- You are parsing data using package Cp2kData ---
Atom names are fake chemical symbols as you set in cp2k input.
Virial Parsing using cp2kdata as plug in for dpdata
was not multiplied by volume before cp2kdata v0.6.4
please check the cp2kdata version and the virial.npy

--- You are parsing data using package Cp2kData ---
196
[-77805.50649105]
--- You are parsing data using package Cp2kData ---
Atom names are fake chemical symbols as you set in cp2k input.
Virial Parsing using cp2kdata as plug in for dpdata
was not multiplied by volume before cp2kdata v0.6.4
please check the cp2kdata version and the virial.npy

--- You are parsing data using package Cp2kData ---
197
[-77803.47622574]
--- You are parsing data using package Cp2kData ---
Atom names are fake chemical symbols as you set in cp2k input.
Virial Parsing using cp2kdata as plug in for dpdata
was not multiplied by volume before cp2kdata v0.6.4
please check the cp2kdata version and the virial.npy

--- You are parsing data using package Cp2kData ---
198
[-77810.15373643]
--- You are parsing data using package Cp2kData ---
Atom names are fake chemical symbols as you set in cp2k input.
Virial Parsing using cp2kdata as plug in for dpdata
was not multiplied by volume before cp2kdata v0.6.4
please check the cp2kdata version and the virial.npy

--- You are parsing data using package Cp2kData ---
199
[-77802.95198695]
--- You are parsing data using package Cp2kData ---
Atom names are fake chemical symbols as you set in cp2k input.
Virial Parsing using cp2kdata as plug in for dpdata
was not multiplied by volume before cp2kdata v0.6.4
please check the cp2kdata version and the virial.npy

--- You are parsing data using package Cp2kData ---
200
[-77799.11910662]
Total number of frames from cp2k.log: 200
Systems:  B106O159
Total number of frames from dpdata: 199
WARN: some spe.log files might be corrupted!
